2019-07-03 19:09:47.427 INFO  (main) [   ] o.e.j.u.log Logging initialized @1500ms to org.eclipse.jetty.util.log.Slf4jLog
2019-07-03 19:09:47.606 WARN  (main) [   ] o.e.j.s.AbstractConnector Ignoring deprecated socket close linger time
2019-07-03 19:09:47.611 INFO  (main) [   ] o.e.j.s.Server jetty-9.4.14.v20181114; built: 2018-11-14T21:20:31.478Z; git: c4550056e785fb5665914545889f21dc136ad9e6; jvm 11.0.2+9
2019-07-03 19:09:47.633 INFO  (main) [   ] o.e.j.d.p.ScanningAppProvider Deployment monitor [file:///Applications/MAMP/htdocs/solr/solr/server/contexts/] at interval 0
2019-07-03 19:09:47.927 INFO  (main) [   ] o.e.j.w.StandardDescriptorProcessor NO JSP Support for /solr, did not find org.apache.jasper.servlet.JspServlet
2019-07-03 19:09:47.937 INFO  (main) [   ] o.e.j.s.session DefaultSessionIdManager workerName=node0
2019-07-03 19:09:47.938 INFO  (main) [   ] o.e.j.s.session No SessionScavenger set, using defaults
2019-07-03 19:09:47.939 INFO  (main) [   ] o.e.j.s.session node0 Scavenging every 660000ms
2019-07-03 19:09:48.014 INFO  (main) [   ] o.a.s.s.SolrDispatchFilter Using logger factory org.apache.logging.slf4j.Log4jLoggerFactory
2019-07-03 19:09:48.019 INFO  (main) [   ] o.a.s.s.SolrDispatchFilter  ___      _       Welcome to Apache Solr™ version 8.1.1
2019-07-03 19:09:48.019 INFO  (main) [   ] o.a.s.s.SolrDispatchFilter / __| ___| |_ _   Starting in standalone mode on port 8983
2019-07-03 19:09:48.019 INFO  (main) [   ] o.a.s.s.SolrDispatchFilter \__ \/ _ \ | '_|  Install dir: /Applications/MAMP/htdocs/solr/solr
2019-07-03 19:09:48.019 INFO  (main) [   ] o.a.s.s.SolrDispatchFilter |___/\___/_|_|    Start time: 2019-07-03T19:09:48.019478Z
2019-07-03 19:09:48.058 INFO  (main) [   ] o.a.s.c.SolrResourceLoader Using system property solr.solr.home: /Applications/MAMP/htdocs/solr/solr/server/solr
2019-07-03 19:09:48.066 INFO  (main) [   ] o.a.s.c.SolrXmlConfig Loading container configuration from /Applications/MAMP/htdocs/solr/solr/server/solr/solr.xml
2019-07-03 19:09:48.140 INFO  (main) [   ] o.a.s.c.SolrXmlConfig MBean server found: com.sun.jmx.mbeanserver.JmxMBeanServer@148080bb, but no JMX reporters were configured - adding default JMX reporter.
2019-07-03 19:09:48.658 INFO  (main) [   ] o.a.s.h.c.HttpShardHandlerFactory Host whitelist initialized: WhitelistHostChecker [whitelistHosts=null, whitelistHostCheckingEnabled=true]
2019-07-03 19:09:48.846 WARN  (main) [   ] o.e.j.u.s.S.config No Client EndPointIdentificationAlgorithm configured for SslContextFactory@5e8c34a0[provider=null,keyStore=null,trustStore=null]
2019-07-03 19:09:48.972 WARN  (main) [   ] o.e.j.u.s.S.config No Client EndPointIdentificationAlgorithm configured for SslContextFactory@4e6f2bb5[provider=null,keyStore=null,trustStore=null]
2019-07-03 19:09:49.139 INFO  (main) [   ] o.a.s.c.TransientSolrCoreCacheDefault Allocating transient cache for 2147483647 transient cores
2019-07-03 19:09:49.149 INFO  (main) [   ] o.a.s.h.a.MetricsHistoryHandler No .system collection, keeping metrics history in memory.
2019-07-03 19:09:49.222 INFO  (main) [   ] o.a.s.m.r.SolrJmxReporter JMX monitoring for 'solr.node' (registry 'solr.node') enabled at server: com.sun.jmx.mbeanserver.JmxMBeanServer@148080bb
2019-07-03 19:09:49.223 INFO  (main) [   ] o.a.s.m.r.SolrJmxReporter JMX monitoring for 'solr.jvm' (registry 'solr.jvm') enabled at server: com.sun.jmx.mbeanserver.JmxMBeanServer@148080bb
2019-07-03 19:09:49.227 INFO  (main) [   ] o.a.s.m.r.SolrJmxReporter JMX monitoring for 'solr.jetty' (registry 'solr.jetty') enabled at server: com.sun.jmx.mbeanserver.JmxMBeanServer@148080bb
2019-07-03 19:09:49.264 INFO  (main) [   ] o.a.s.c.CorePropertiesLocator Found 0 core definitions underneath /Applications/MAMP/htdocs/solr/solr/server/solr
2019-07-03 19:09:49.312 INFO  (main) [   ] o.e.j.s.h.ContextHandler Started o.e.j.w.WebAppContext@585811a4{/solr,file:///Applications/MAMP/htdocs/solr/solr/server/solr-webapp/webapp/,AVAILABLE}{/Applications/MAMP/htdocs/solr/solr/server/solr-webapp/webapp}
2019-07-03 19:09:49.328 INFO  (main) [   ] o.e.j.s.AbstractConnector Started ServerConnector@2e869098{HTTP/1.1,[http/1.1, h2c]}{0.0.0.0:8983}
2019-07-03 19:09:49.328 INFO  (main) [   ] o.e.j.s.Server Started @3404ms
2019-07-03 19:09:54.651 INFO  (qtp473666452-25) [   ] o.a.s.s.HttpSolrCall [admin] webapp=null path=/admin/info/system params={json.nl=flat&wt=json} status=0 QTime=51
2019-07-03 19:10:15.349 INFO  (qtp473666452-27) [   ] o.a.s.s.HttpSolrCall [admin] webapp=null path=/admin/info/system params={json.nl=flat&wt=json} status=0 QTime=14
2019-07-03 19:11:04.393 INFO  (qtp473666452-23) [   ] o.a.s.s.HttpSolrCall [admin] webapp=null path=/admin/info/system params={json.nl=flat&wt=json} status=0 QTime=14
2019-07-03 19:11:14.627 INFO  (qtp473666452-25) [   ] o.a.s.s.HttpSolrCall [admin] webapp=null path=/admin/cores params={indexInfo=false&wt=json&_=1562181074454} status=0 QTime=0
2019-07-03 19:11:14.645 INFO  (qtp473666452-20) [   ] o.a.s.s.HttpSolrCall [admin] webapp=null path=/admin/info/system params={wt=json&_=1562181074454} status=0 QTime=18
2019-07-03 19:11:18.099 INFO  (qtp473666452-20) [   ] o.a.s.s.HttpSolrCall [admin] webapp=null path=/admin/cores params={indexInfo=false&wt=json&_=1562181078056} status=0 QTime=0
2019-07-03 19:11:18.118 INFO  (qtp473666452-26) [   ] o.a.s.s.HttpSolrCall [admin] webapp=null path=/admin/info/system params={wt=json&_=1562181078056} status=0 QTime=17
2019-07-03 19:11:18.139 INFO  (qtp473666452-25) [   ] o.a.s.s.HttpSolrCall [admin] webapp=null path=/admin/info/system params={wt=json&_=1562181078056} status=0 QTime=17
2019-07-03 19:11:54.076 INFO  (qtp473666452-26) [   ] o.a.s.s.HttpSolrCall [admin] webapp=null path=/admin/cores params={indexInfo=false&wt=json&_=1562181078056} status=0 QTime=0
2019-07-03 19:11:54.080 INFO  (qtp473666452-27) [   ] o.a.s.s.HttpSolrCall [admin] webapp=null path=/admin/cores params={wt=json&_=1562181078056} status=0 QTime=0
2019-07-03 19:11:54.095 INFO  (qtp473666452-20) [   ] o.a.s.s.HttpSolrCall [admin] webapp=null path=/admin/info/system params={wt=json&_=1562181078056} status=0 QTime=19
2019-07-03 19:12:45.885 INFO  (qtp473666452-19) [   x:mysearch] o.a.s.h.a.CoreAdminOperation core create command schema=schema.xml&dataDir=data&name=mysearch&action=CREATE&config=solrconfig.xml&instanceDir=mysearch&wt=json&_=1562181078056
2019-07-03 19:12:45.940 INFO  (qtp473666452-19) [   x:mysearch] o.a.s.c.SolrResourceLoader [mysearch] Added 66 libs to classloader, from paths: [/Applications/MAMP/htdocs/solr/solr/contrib/analysis-extras/lib, /Applications/MAMP/htdocs/solr/solr/contrib/analysis-extras/lucene-libs, /Applications/MAMP/htdocs/solr/solr/contrib/extraction/lib, /Applications/MAMP/htdocs/solr/solr/contrib/langid/lib, /Applications/MAMP/htdocs/solr/solr/contrib/velocity/lib, /Applications/MAMP/htdocs/solr/solr/dist]
2019-07-03 19:12:46.128 INFO  (qtp473666452-19) [   x:mysearch] o.a.s.c.SolrConfig Using Lucene MatchVersion: 8.1.0
2019-07-03 19:12:46.151 INFO  (qtp473666452-19) [   x:mysearch] o.a.s.u.SolrIndexConfig IndexWriter infoStream solr logging is enabled
2019-07-03 19:12:46.279 INFO  (qtp473666452-19) [   x:mysearch] o.a.s.s.IndexSchema [mysearch] Schema name=drupal-8.3.3-solr-7.x
2019-07-03 19:12:46.673 INFO  (qtp473666452-19) [   x:mysearch] o.a.s.s.IndexSchema Loaded schema drupal-8.3.3-solr-7.x/1.6 with uniqueid field id
2019-07-03 19:12:46.744 INFO  (qtp473666452-19) [   x:mysearch] o.a.s.c.CoreContainer Creating SolrCore 'mysearch' using configuration from instancedir /Applications/MAMP/htdocs/solr/solr/server/solr/mysearch, trusted=true
2019-07-03 19:12:46.752 INFO  (qtp473666452-19) [   x:mysearch] o.a.s.m.r.SolrJmxReporter JMX monitoring for 'solr.core.mysearch' (registry 'solr.core.mysearch') enabled at server: com.sun.jmx.mbeanserver.JmxMBeanServer@148080bb
2019-07-03 19:12:46.768 INFO  (qtp473666452-19) [   x:mysearch] o.a.s.c.SolrCore [[mysearch] ] Opening new SolrCore at [/Applications/MAMP/htdocs/solr/solr/server/solr/mysearch], dataDir=[/Applications/MAMP/htdocs/solr/solr/server/solr/mysearch/data/]
2019-07-03 19:12:46.886 INFO  (qtp473666452-19) [   x:mysearch] o.a.s.r.XSLTResponseWriter xsltCacheLifetimeSeconds=5
2019-07-03 19:12:47.535 INFO  (qtp473666452-19) [   x:mysearch] o.a.s.u.UpdateHandler Using UpdateLog implementation: org.apache.solr.update.UpdateLog
2019-07-03 19:12:47.535 INFO  (qtp473666452-19) [   x:mysearch] o.a.s.u.UpdateLog Initializing UpdateLog: dataDir= defaultSyncLevel=FLUSH numRecordsToKeep=100 maxNumLogsToKeep=10 numVersionBuckets=65536
2019-07-03 19:12:47.545 INFO  (qtp473666452-19) [   x:mysearch] o.a.s.u.CommitTracker Hard AutoCommit: if uncommitted for 15000ms; 
2019-07-03 19:12:47.545 INFO  (qtp473666452-19) [   x:mysearch] o.a.s.u.CommitTracker Soft AutoCommit: disabled
2019-07-03 19:12:47.558 INFO  (qtp473666452-19) [   x:mysearch] o.a.s.s.SolrIndexSearcher Opening [Searcher@67dc16cd[mysearch] main]
2019-07-03 19:12:47.568 INFO  (qtp473666452-19) [   x:mysearch] o.a.s.r.ManagedResourceStorage File-based storage initialized to use dir: /Applications/MAMP/htdocs/solr/solr/server/solr/mysearch/conf
2019-07-03 19:12:47.589 INFO  (qtp473666452-19) [   x:mysearch] o.a.s.h.c.SpellCheckComponent Initializing spell checkers
2019-07-03 19:12:47.595 INFO  (qtp473666452-19) [   x:mysearch] o.a.s.s.DirectSolrSpellChecker init: {name=en,field=spellcheck_en,classname=solr.DirectSolrSpellChecker,distanceMeasure=internal,accuracy=0.5,maxEdits=2,minPrefix=1,maxInspections=5,minQueryLength=4,maxQueryFrequency=0.01,thresholdTokenFrequency=.01,onlyMorePopular=true}
2019-07-03 19:12:47.595 INFO  (qtp473666452-19) [   x:mysearch] o.a.s.s.DirectSolrSpellChecker init: {name=und,field=spellcheck_und,classname=solr.DirectSolrSpellChecker,distanceMeasure=internal,accuracy=0.5,maxEdits=2,minPrefix=1,maxInspections=5,minQueryLength=4,maxQueryFrequency=0.01,thresholdTokenFrequency=.01,onlyMorePopular=true}
2019-07-03 19:12:47.596 INFO  (qtp473666452-19) [   x:mysearch] o.a.s.h.c.SuggestComponent Initializing SuggestComponent
2019-07-03 19:12:47.599 INFO  (qtp473666452-19) [   x:mysearch] o.a.s.s.s.SolrSuggester init: {name=en,lookupImpl=AnalyzingInfixLookupFactory,dictionaryImpl=DocumentDictionaryFactory,field=twm_suggest,suggestAnalyzerFieldType=text_en,contextField=sm_context_tags,buildOnCommit=true,buildOnStartup=false}
2019-07-03 19:12:47.616 INFO  (qtp473666452-19) [   x:mysearch] o.a.s.s.s.SolrSuggester Dictionary loaded with params: {name=en,lookupImpl=AnalyzingInfixLookupFactory,dictionaryImpl=DocumentDictionaryFactory,field=twm_suggest,suggestAnalyzerFieldType=text_en,contextField=sm_context_tags,buildOnCommit=true,buildOnStartup=false}
2019-07-03 19:12:47.619 INFO  (qtp473666452-19) [   x:mysearch] o.a.s.h.c.SuggestComponent Registering searcher listener for suggester: en - SuggesterListener [core=org.apache.solr.core.SolrCore@6d52e7de, suggester=SolrSuggester [ name=en, sourceLocation=null, storeDir=, lookupImpl=AnalyzingInfixLookupFactory, dictionaryImpl=DocumentDictionaryFactory, sizeInBytes=48 ], buildOnCommit=true, buildOnOptimize=false, buildOnStartup=false, isCoreReload=false]
2019-07-03 19:12:47.619 INFO  (qtp473666452-19) [   x:mysearch] o.a.s.s.s.SolrSuggester init: {name=und,lookupImpl=AnalyzingInfixLookupFactory,dictionaryImpl=DocumentDictionaryFactory,field=twm_suggest,suggestAnalyzerFieldType=text_und,contextField=sm_context_tags,buildOnCommit=true,buildOnStartup=false}
2019-07-03 19:12:47.619 INFO  (qtp473666452-19) [   x:mysearch] o.a.s.s.s.SolrSuggester Dictionary loaded with params: {name=und,lookupImpl=AnalyzingInfixLookupFactory,dictionaryImpl=DocumentDictionaryFactory,field=twm_suggest,suggestAnalyzerFieldType=text_und,contextField=sm_context_tags,buildOnCommit=true,buildOnStartup=false}
2019-07-03 19:12:47.619 INFO  (qtp473666452-19) [   x:mysearch] o.a.s.h.c.SuggestComponent Registering searcher listener for suggester: und - SuggesterListener [core=org.apache.solr.core.SolrCore@6d52e7de, suggester=SolrSuggester [ name=und, sourceLocation=null, storeDir=, lookupImpl=AnalyzingInfixLookupFactory, dictionaryImpl=DocumentDictionaryFactory, sizeInBytes=48 ], buildOnCommit=true, buildOnOptimize=false, buildOnStartup=false, isCoreReload=false]
2019-07-03 19:12:47.620 INFO  (qtp473666452-19) [   x:mysearch] o.a.s.h.c.QueryElevationComponent Loading QueryElevation from: /Applications/MAMP/htdocs/solr/solr/server/solr/mysearch/conf/elevate.xml
2019-07-03 19:12:47.631 INFO  (qtp473666452-19) [   x:mysearch] o.a.s.h.ReplicationHandler Commits will be reserved for 10000ms.
2019-07-03 19:12:47.635 INFO  (qtp473666452-19) [   x:mysearch] o.a.s.u.UpdateLog Could not find max version in index or recent updates, using new clock 1638065680032989184
2019-07-03 19:12:47.638 INFO  (searcherExecutor-10-thread-1-processing-x:mysearch) [   x:mysearch] o.a.s.c.QuerySenderListener QuerySenderListener sending requests to Searcher@67dc16cd[mysearch] main{ExitableDirectoryReader(UninvertingDirectoryReader())}
2019-07-03 19:12:47.639 INFO  (qtp473666452-19) [   x:mysearch] o.a.s.s.HttpSolrCall [admin] webapp=null path=/admin/cores params={schema=schema.xml&dataDir=data&name=mysearch&action=CREATE&config=solrconfig.xml&instanceDir=mysearch&wt=json&_=1562181078056} status=0 QTime=1755
2019-07-03 19:12:47.672 INFO  (qtp473666452-27) [   ] o.a.s.s.HttpSolrCall [admin] webapp=null path=/admin/cores params={indexInfo=false&wt=json&_=1562181078056} status=0 QTime=0
2019-07-03 19:12:47.702 INFO  (qtp473666452-26) [   ] o.a.s.s.HttpSolrCall [admin] webapp=null path=/admin/info/system params={wt=json&_=1562181078056} status=0 QTime=27
2019-07-03 19:12:47.706 INFO  (searcherExecutor-10-thread-1-processing-x:mysearch) [   x:mysearch] o.a.s.c.S.Request [mysearch]  webapp=null path=null params={q=static+firstSearcher+warming+in+solrconfig.xml&distrib=false&event=firstSearcher} hits=0 status=0 QTime=66
2019-07-03 19:12:47.707 INFO  (searcherExecutor-10-thread-1-processing-x:mysearch) [   x:mysearch] o.a.s.c.QuerySenderListener QuerySenderListener done.
2019-07-03 19:12:47.707 INFO  (searcherExecutor-10-thread-1-processing-x:mysearch) [   x:mysearch] o.a.s.h.c.SpellCheckComponent Loading spell index for spellchecker: en
2019-07-03 19:12:47.707 INFO  (searcherExecutor-10-thread-1-processing-x:mysearch) [   x:mysearch] o.a.s.h.c.SpellCheckComponent Loading spell index for spellchecker: und
2019-07-03 19:12:47.714 INFO  (searcherExecutor-10-thread-1-processing-x:mysearch) [   x:mysearch] o.a.s.c.SolrCore [mysearch] Registered new searcher Searcher@67dc16cd[mysearch] main{ExitableDirectoryReader(UninvertingDirectoryReader())}
2019-07-03 19:12:47.716 INFO  (qtp473666452-19) [   ] o.a.s.s.HttpSolrCall [admin] webapp=null path=/admin/cores params={wt=json&_=1562181078056} status=0 QTime=31
2019-07-03 19:13:03.984 INFO  (qtp473666452-23) [   x:mysearch] o.a.s.c.S.Request [mysearch]  webapp=/solr path=/admin/ping params={json.nl=flat&omitHeader=true&wt=json} hits=0 status=0 QTime=6
2019-07-03 19:13:03.984 INFO  (qtp473666452-23) [   x:mysearch] o.a.s.c.S.Request [mysearch]  webapp=/solr path=/admin/ping params={json.nl=flat&omitHeader=true&wt=json} status=0 QTime=6
2019-07-03 19:15:22.665 INFO  (qtp473666452-21) [   x:mysearch] o.a.s.c.S.Request [mysearch]  webapp=/solr path=/select params={q={!boost+b%3Dboost_document}*:*&json.nl=flat&omitHeader=true&fl=ss_search_api_id,ss_search_api_language,score&start=0&fq=%2Bindex_id:default_solr_index+%2Bhash:492xup&fq=ss_search_api_language:("en"+"und"+"zxx")&rows=0&wt=json} hits=0 status=0 QTime=19
2019-07-03 19:15:38.926 INFO  (qtp473666452-18) [   x:mysearch] o.a.s.c.S.Request [mysearch]  webapp=/solr path=/select params={q={!boost+b%3Dboost_document}*:*&json.nl=flat&omitHeader=true&fl=ss_search_api_id,ss_search_api_language,score&start=0&fq=%2Bindex_id:default_solr_index+%2Bhash:492xup&fq=ss_search_api_language:("en"+"und"+"zxx")&rows=0&wt=json} hits=0 status=0 QTime=1
2019-07-03 19:17:28.400 INFO  (qtp473666452-24) [   x:mysearch] o.a.s.c.S.Request [mysearch]  webapp=/solr path=/admin/ping params={json.nl=flat&omitHeader=true&wt=json} hits=0 status=0 QTime=0
2019-07-03 19:17:28.400 INFO  (qtp473666452-24) [   x:mysearch] o.a.s.c.S.Request [mysearch]  webapp=/solr path=/admin/ping params={json.nl=flat&omitHeader=true&wt=json} status=0 QTime=1
2019-07-03 19:17:28.418 INFO  (qtp473666452-23) [   x:mysearch] o.a.s.c.S.Request [mysearch]  webapp=/solr path=/admin/ping params={json.nl=flat&omitHeader=true&wt=json} hits=0 status=0 QTime=0
2019-07-03 19:17:28.419 INFO  (qtp473666452-23) [   x:mysearch] o.a.s.c.S.Request [mysearch]  webapp=/solr path=/admin/ping params={json.nl=flat&omitHeader=true&wt=json} status=0 QTime=0
2019-07-03 19:17:28.429 INFO  (qtp473666452-21) [   x:mysearch] o.a.s.c.S.Request [mysearch]  webapp=/solr path=/admin/ping params={json.nl=flat&omitHeader=true&wt=json} hits=0 status=0 QTime=0
2019-07-03 19:17:28.429 INFO  (qtp473666452-21) [   x:mysearch] o.a.s.c.S.Request [mysearch]  webapp=/solr path=/admin/ping params={json.nl=flat&omitHeader=true&wt=json} status=0 QTime=0
2019-07-03 19:17:28.432 INFO  (qtp473666452-18) [   x:mysearch] o.a.s.c.S.Request [mysearch]  webapp=/solr path=/admin/ping params={json.nl=flat&omitHeader=true&wt=json} hits=0 status=0 QTime=0
2019-07-03 19:17:28.432 INFO  (qtp473666452-18) [   x:mysearch] o.a.s.c.S.Request [mysearch]  webapp=/solr path=/admin/ping params={json.nl=flat&omitHeader=true&wt=json} status=0 QTime=0
2019-07-03 19:17:28.439 INFO  (qtp473666452-20) [   x:mysearch] o.a.s.c.S.Request [mysearch]  webapp=/solr path=/schema/fieldtypes params={json.nl=flat&wt=json} status=0 QTime=4
2019-07-03 19:17:54.785 INFO  (qtp473666452-23) [   x:mysearch] o.a.s.u.p.LogUpdateProcessorFactory [mysearch]  webapp=/solr path=/update params={json.nl=flat&commitWithin=1000&omitHeader=false&wt=json}{add=[492xup-default_solr_index-entity:node/1:en (1638066001778049024), 492xup-default_solr_index-entity:node/2:en (1638066001874518016), 492xup-default_solr_index-entity:node/3:en (1638066001888149504), 492xup-default_solr_index-entity:node/4:en (1638066001900732416), 492xup-default_solr_index-entity:node/5:en (1638066001907023872), 492xup-default_solr_index-entity:node/6:en (1638066001924849664), 492xup-default_solr_index-entity:node/7:en (1638066001931141120), 492xup-default_solr_index-entity:node/8:en (1638066001937432576), 492xup-default_solr_index-entity:node/9:en (1638066001942675456), 492xup-default_solr_index-entity:node/10:en (1638066001946869760), ... (50 adds)]} 0 379
2019-07-03 19:17:55.567 INFO  (commitScheduler-14-thread-1) [   ] o.a.s.u.DirectUpdateHandler2 start commit{,optimize=false,openSearcher=true,waitSearcher=true,expungeDeletes=false,softCommit=true,prepareCommit=false}
2019-07-03 19:17:55.698 INFO  (commitScheduler-14-thread-1) [   ] o.a.s.s.SolrIndexSearcher Opening [Searcher@4c24cf99[mysearch] main]
2019-07-03 19:17:55.699 INFO  (commitScheduler-14-thread-1) [   ] o.a.s.u.DirectUpdateHandler2 end_commit_flush
2019-07-03 19:17:55.700 INFO  (searcherExecutor-10-thread-1) [   ] o.a.s.c.QuerySenderListener QuerySenderListener sending requests to Searcher@4c24cf99[mysearch] main{ExitableDirectoryReader(UninvertingDirectoryReader(Uninverting(_0(8.1.1):C50:[diagnostics={os=Mac OS X, java.vendor=Oracle Corporation, java.version=11.0.2, java.vm.version=11.0.2+9, lucene.version=8.1.1, os.arch=x86_64, java.runtime.version=11.0.2+9, source=flush, os.version=10.13.6, timestamp=1562181475664}]:[attributes={Lucene50StoredFieldsFormat.mode=BEST_SPEED}])))}
2019-07-03 19:17:55.700 INFO  (searcherExecutor-10-thread-1) [   ] o.a.s.c.QuerySenderListener QuerySenderListener done.
2019-07-03 19:17:55.700 INFO  (searcherExecutor-10-thread-1) [   ] o.a.s.h.c.SuggestComponent buildOnCommit: en
2019-07-03 19:17:55.700 INFO  (searcherExecutor-10-thread-1) [   ] o.a.s.s.s.SolrSuggester SolrSuggester.build(en)
2019-07-03 19:17:55.780 INFO  (searcherExecutor-10-thread-1) [   ] o.a.s.h.c.SuggestComponent buildOnCommit: und
2019-07-03 19:17:55.780 INFO  (searcherExecutor-10-thread-1) [   ] o.a.s.s.s.SolrSuggester SolrSuggester.build(und)
2019-07-03 19:17:55.831 INFO  (searcherExecutor-10-thread-1) [   ] o.a.s.c.SolrCore [mysearch] Registered new searcher Searcher@4c24cf99[mysearch] main{ExitableDirectoryReader(UninvertingDirectoryReader(Uninverting(_0(8.1.1):C50:[diagnostics={os=Mac OS X, java.vendor=Oracle Corporation, java.version=11.0.2, java.vm.version=11.0.2+9, lucene.version=8.1.1, os.arch=x86_64, java.runtime.version=11.0.2+9, source=flush, os.version=10.13.6, timestamp=1562181475664}]:[attributes={Lucene50StoredFieldsFormat.mode=BEST_SPEED}])))}
2019-07-03 19:18:09.569 INFO  (commitScheduler-13-thread-1) [   ] o.a.s.u.DirectUpdateHandler2 start commit{,optimize=false,openSearcher=false,waitSearcher=true,expungeDeletes=false,softCommit=false,prepareCommit=false}
2019-07-03 19:18:09.569 INFO  (commitScheduler-13-thread-1) [   ] o.a.s.u.SolrIndexWriter Calling setCommitData with IW:org.apache.solr.update.SolrIndexWriter@5a947639 commitCommandVersion:0
2019-07-03 19:18:09.625 INFO  (commitScheduler-13-thread-1) [   ] o.a.s.s.SolrIndexSearcher Opening [Searcher@21f8291d[mysearch] realtime]
2019-07-03 19:18:09.625 INFO  (commitScheduler-13-thread-1) [   ] o.a.s.u.DirectUpdateHandler2 end_commit_flush
2019-07-03 19:19:16.410 INFO  (qtp473666452-21) [   x:mysearch] o.a.s.c.S.Request [mysearch]  webapp=/solr path=/select params={q={!boost+b%3Dboost_document}(tm_X3b_en_rendered_item:(%2B"fvo")^1+tm_X3b_und_rendered_item:(%2B"fvo")^1+tm_X3b_zxx_rendered_item:(%2B"fvo")^1+tm_X3b_en_title:(%2B"fvo")^8+tm_X3b_und_title:(%2B"fvo")^8+tm_X3b_zxx_title:(%2B"fvo")^8)&json.nl=flat&omitHeader=true&fl=ss_search_api_id,ss_search_api_language,score&start=0&fq=%2Bindex_id:default_solr_index+%2Bhash:492xup&fq=ss_search_api_language:("en"+"und"+"zxx")&rows=10&wt=json&rq={!rerank+reRankQuery%3D'+{!payload_score+f%3Dboost_term+v%3D"fvo"+func%3Dmax}'}} hits=0 status=0 QTime=31
2019-07-03 19:19:21.378 INFO  (qtp473666452-18) [   x:mysearch] o.a.s.c.S.Request [mysearch]  webapp=/solr path=/select params={q={!boost+b%3Dboost_document}(tm_X3b_en_rendered_item:(%2B"the")^1+tm_X3b_und_rendered_item:(%2B"the")^1+tm_X3b_zxx_rendered_item:(%2B"the")^1+tm_X3b_en_title:(%2B"the")^8+tm_X3b_und_title:(%2B"the")^8+tm_X3b_zxx_title:(%2B"the")^8)&json.nl=flat&omitHeader=true&fl=ss_search_api_id,ss_search_api_language,score&start=0&fq=%2Bindex_id:default_solr_index+%2Bhash:492xup&fq=ss_search_api_language:("en"+"und"+"zxx")&rows=10&wt=json&rq={!rerank+reRankQuery%3D'+{!payload_score+f%3Dboost_term+v%3D"the"+func%3Dmax}'}} hits=0 status=0 QTime=2
2019-07-03 19:19:24.468 INFO  (qtp473666452-20) [   x:mysearch] o.a.s.c.S.Request [mysearch]  webapp=/solr path=/select params={q={!boost+b%3Dboost_document}(tm_X3b_en_rendered_item:(%2B"the")^1+tm_X3b_und_rendered_item:(%2B"the")^1+tm_X3b_zxx_rendered_item:(%2B"the")^1+tm_X3b_en_title:(%2B"the")^8+tm_X3b_und_title:(%2B"the")^8+tm_X3b_zxx_title:(%2B"the")^8)&json.nl=flat&omitHeader=true&fl=ss_search_api_id,ss_search_api_language,score&start=0&fq=%2Bindex_id:default_solr_index+%2Bhash:492xup&fq=ss_search_api_language:("en"+"und"+"zxx")&rows=10&wt=json&rq={!rerank+reRankQuery%3D'+{!payload_score+f%3Dboost_term+v%3D"the"+func%3Dmax}'}} hits=0 status=0 QTime=2
2019-07-03 19:19:42.520 INFO  (qtp473666452-23) [   x:mysearch] o.a.s.c.S.Request [mysearch]  webapp=/solr path=/select params={q={!boost+b%3Dboost_document}((%2B(tm_X3b_en_rendered_item:"dolor"^1+tm_X3b_und_rendered_item:"dolor"^1+tm_X3b_zxx_rendered_item:"dolor"^1+tm_X3b_en_title:"dolor"^8+tm_X3b_und_title:"dolor"^8+tm_X3b_zxx_title:"dolor"^8)+%2B(tm_X3b_en_rendered_item:"enim"^1+tm_X3b_und_rendered_item:"enim"^1+tm_X3b_zxx_rendered_item:"enim"^1+tm_X3b_en_title:"enim"^8+tm_X3b_und_title:"enim"^8+tm_X3b_zxx_title:"enim"^8)+%2B(tm_X3b_en_rendered_item:"humo"^1+tm_X3b_und_rendered_item:"humo"^1+tm_X3b_zxx_rendered_item:"humo"^1+tm_X3b_en_title:"humo"^8+tm_X3b_und_title:"humo"^8+tm_X3b_zxx_title:"humo"^8))+tm_X3b_en_rendered_item:(%2B"dolor"+%2B"enim"+%2B"humo")^1+tm_X3b_und_rendered_item:(%2B"dolor"+%2B"enim"+%2B"humo")^1+tm_X3b_zxx_rendered_item:(%2B"dolor"+%2B"enim"+%2B"humo")^1+tm_X3b_en_title:(%2B"dolor"+%2B"enim"+%2B"humo")^8+tm_X3b_und_title:(%2B"dolor"+%2B"enim"+%2B"humo")^8+tm_X3b_zxx_title:(%2B"dolor"+%2B"enim"+%2B"humo")^8)&json.nl=flat&omitHeader=true&fl=ss_search_api_id,ss_search_api_language,score&start=0&fq=%2Bindex_id:default_solr_index+%2Bhash:492xup&fq=ss_search_api_language:("en"+"und"+"zxx")&rows=10&wt=json&rq={!rerank+reRankQuery%3D'+{!payload_score+f%3Dboost_term+v%3D"dolor"+func%3Dmax}+{!payload_score+f%3Dboost_term+v%3D"enim"+func%3Dmax}+{!payload_score+f%3Dboost_term+v%3D"humo"+func%3Dmax}'}} hits=45 status=0 QTime=32
2019-07-03 19:20:36.370 INFO  (qtp473666452-27) [   x:mysearch] o.a.s.c.S.Request [mysearch]  webapp=/solr path=/admin/ping params={json.nl=flat&omitHeader=true&wt=json} hits=50 status=0 QTime=1
2019-07-03 19:20:36.370 INFO  (qtp473666452-27) [   x:mysearch] o.a.s.c.S.Request [mysearch]  webapp=/solr path=/admin/ping params={json.nl=flat&omitHeader=true&wt=json} status=0 QTime=1
2019-07-03 19:20:36.392 INFO  (qtp473666452-18) [   x:mysearch] o.a.s.c.S.Request [mysearch]  webapp=/solr path=/admin/ping params={json.nl=flat&omitHeader=true&wt=json} hits=50 status=0 QTime=0
2019-07-03 19:20:36.393 INFO  (qtp473666452-18) [   x:mysearch] o.a.s.c.S.Request [mysearch]  webapp=/solr path=/admin/ping params={json.nl=flat&omitHeader=true&wt=json} status=0 QTime=0
2019-07-03 19:20:36.405 INFO  (qtp473666452-20) [   x:mysearch] o.a.s.c.S.Request [mysearch]  webapp=/solr path=/admin/ping params={json.nl=flat&omitHeader=true&wt=json} hits=50 status=0 QTime=0
2019-07-03 19:20:36.405 INFO  (qtp473666452-20) [   x:mysearch] o.a.s.c.S.Request [mysearch]  webapp=/solr path=/admin/ping params={json.nl=flat&omitHeader=true&wt=json} status=0 QTime=0
2019-07-03 19:20:36.407 INFO  (qtp473666452-23) [   x:mysearch] o.a.s.c.S.Request [mysearch]  webapp=/solr path=/admin/ping params={json.nl=flat&omitHeader=true&wt=json} hits=50 status=0 QTime=0
2019-07-03 19:20:36.407 INFO  (qtp473666452-23) [   x:mysearch] o.a.s.c.S.Request [mysearch]  webapp=/solr path=/admin/ping params={json.nl=flat&omitHeader=true&wt=json} status=0 QTime=0
2019-07-03 19:22:40.883 INFO  (qtp473666452-25) [   x:mysearch] o.a.s.c.S.Request [mysearch]  webapp=/solr path=/admin/ping params={json.nl=flat&omitHeader=true&wt=json} hits=50 status=0 QTime=0
2019-07-03 19:22:40.883 INFO  (qtp473666452-25) [   x:mysearch] o.a.s.c.S.Request [mysearch]  webapp=/solr path=/admin/ping params={json.nl=flat&omitHeader=true&wt=json} status=0 QTime=1
2019-07-03 19:22:40.907 INFO  (qtp473666452-18) [   x:mysearch] o.a.s.c.S.Request [mysearch]  webapp=/solr path=/admin/ping params={json.nl=flat&omitHeader=true&wt=json} hits=50 status=0 QTime=0
2019-07-03 19:22:40.908 INFO  (qtp473666452-18) [   x:mysearch] o.a.s.c.S.Request [mysearch]  webapp=/solr path=/admin/ping params={json.nl=flat&omitHeader=true&wt=json} status=0 QTime=0
2019-07-03 19:22:40.920 INFO  (qtp473666452-20) [   x:mysearch] o.a.s.c.S.Request [mysearch]  webapp=/solr path=/admin/ping params={json.nl=flat&omitHeader=true&wt=json} hits=50 status=0 QTime=0
2019-07-03 19:22:40.920 INFO  (qtp473666452-20) [   x:mysearch] o.a.s.c.S.Request [mysearch]  webapp=/solr path=/admin/ping params={json.nl=flat&omitHeader=true&wt=json} status=0 QTime=0
2019-07-03 19:22:40.922 INFO  (qtp473666452-23) [   x:mysearch] o.a.s.c.S.Request [mysearch]  webapp=/solr path=/admin/ping params={json.nl=flat&omitHeader=true&wt=json} hits=50 status=0 QTime=0
2019-07-03 19:22:40.922 INFO  (qtp473666452-23) [   x:mysearch] o.a.s.c.S.Request [mysearch]  webapp=/solr path=/admin/ping params={json.nl=flat&omitHeader=true&wt=json} status=0 QTime=0
2019-07-03 19:22:45.937 INFO  (qtp473666452-24) [   x:mysearch] o.a.s.c.S.Request [mysearch]  webapp=/solr path=/admin/ping params={json.nl=flat&omitHeader=true&wt=json} hits=50 status=0 QTime=0
2019-07-03 19:22:45.937 INFO  (qtp473666452-24) [   x:mysearch] o.a.s.c.S.Request [mysearch]  webapp=/solr path=/admin/ping params={json.nl=flat&omitHeader=true&wt=json} status=0 QTime=0
2019-07-03 19:22:45.958 INFO  (qtp473666452-18) [   x:mysearch] o.a.s.c.S.Request [mysearch]  webapp=/solr path=/admin/ping params={json.nl=flat&omitHeader=true&wt=json} hits=50 status=0 QTime=0
2019-07-03 19:22:45.959 INFO  (qtp473666452-18) [   x:mysearch] o.a.s.c.S.Request [mysearch]  webapp=/solr path=/admin/ping params={json.nl=flat&omitHeader=true&wt=json} status=0 QTime=0
2019-07-03 19:22:45.967 INFO  (qtp473666452-20) [   x:mysearch] o.a.s.c.S.Request [mysearch]  webapp=/solr path=/admin/ping params={json.nl=flat&omitHeader=true&wt=json} hits=50 status=0 QTime=0
2019-07-03 19:22:45.968 INFO  (qtp473666452-20) [   x:mysearch] o.a.s.c.S.Request [mysearch]  webapp=/solr path=/admin/ping params={json.nl=flat&omitHeader=true&wt=json} status=0 QTime=0
2019-07-03 19:22:45.970 INFO  (qtp473666452-23) [   x:mysearch] o.a.s.c.S.Request [mysearch]  webapp=/solr path=/admin/ping params={json.nl=flat&omitHeader=true&wt=json} hits=50 status=0 QTime=0
2019-07-03 19:22:45.970 INFO  (qtp473666452-23) [   x:mysearch] o.a.s.c.S.Request [mysearch]  webapp=/solr path=/admin/ping params={json.nl=flat&omitHeader=true&wt=json} status=0 QTime=0
2019-07-03 19:22:53.895 INFO  (qtp473666452-24) [   x:mysearch] o.a.s.c.S.Request [mysearch]  webapp=/solr path=/admin/ping params={json.nl=flat&omitHeader=true&wt=json} hits=50 status=0 QTime=0
2019-07-03 19:22:53.895 INFO  (qtp473666452-24) [   x:mysearch] o.a.s.c.S.Request [mysearch]  webapp=/solr path=/admin/ping params={json.nl=flat&omitHeader=true&wt=json} status=0 QTime=0
2019-07-03 19:22:53.917 INFO  (qtp473666452-18) [   x:mysearch] o.a.s.c.S.Request [mysearch]  webapp=/solr path=/admin/ping params={json.nl=flat&omitHeader=true&wt=json} hits=50 status=0 QTime=0
2019-07-03 19:22:53.918 INFO  (qtp473666452-18) [   x:mysearch] o.a.s.c.S.Request [mysearch]  webapp=/solr path=/admin/ping params={json.nl=flat&omitHeader=true&wt=json} status=0 QTime=0
2019-07-03 19:22:53.926 INFO  (qtp473666452-20) [   x:mysearch] o.a.s.c.S.Request [mysearch]  webapp=/solr path=/admin/ping params={json.nl=flat&omitHeader=true&wt=json} hits=50 status=0 QTime=0
2019-07-03 19:22:53.926 INFO  (qtp473666452-20) [   x:mysearch] o.a.s.c.S.Request [mysearch]  webapp=/solr path=/admin/ping params={json.nl=flat&omitHeader=true&wt=json} status=0 QTime=0
2019-07-03 19:22:53.928 INFO  (qtp473666452-23) [   x:mysearch] o.a.s.c.S.Request [mysearch]  webapp=/solr path=/admin/ping params={json.nl=flat&omitHeader=true&wt=json} hits=50 status=0 QTime=0
2019-07-03 19:22:53.928 INFO  (qtp473666452-23) [   x:mysearch] o.a.s.c.S.Request [mysearch]  webapp=/solr path=/admin/ping params={json.nl=flat&omitHeader=true&wt=json} status=0 QTime=0
2019-07-03 19:22:57.380 INFO  (qtp473666452-24) [   x:mysearch] o.a.s.c.S.Request [mysearch]  webapp=/solr path=/admin/ping params={json.nl=flat&omitHeader=true&wt=json} hits=50 status=0 QTime=0
2019-07-03 19:22:57.380 INFO  (qtp473666452-24) [   x:mysearch] o.a.s.c.S.Request [mysearch]  webapp=/solr path=/admin/ping params={json.nl=flat&omitHeader=true&wt=json} status=0 QTime=0
2019-07-03 19:22:57.564 INFO  (qtp473666452-18) [   x:mysearch] o.a.s.c.S.Request [mysearch]  webapp=/solr path=/admin/ping params={json.nl=flat&omitHeader=true&wt=json} hits=50 status=0 QTime=0
2019-07-03 19:22:57.565 INFO  (qtp473666452-18) [   x:mysearch] o.a.s.c.S.Request [mysearch]  webapp=/solr path=/admin/ping params={json.nl=flat&omitHeader=true&wt=json} status=0 QTime=0
2019-07-03 19:22:57.567 INFO  (qtp473666452-20) [   x:mysearch] o.a.s.c.S.Request [mysearch]  webapp=/solr path=/admin/ping params={json.nl=flat&omitHeader=true&wt=json} hits=50 status=0 QTime=0
2019-07-03 19:22:57.567 INFO  (qtp473666452-20) [   x:mysearch] o.a.s.c.S.Request [mysearch]  webapp=/solr path=/admin/ping params={json.nl=flat&omitHeader=true&wt=json} status=0 QTime=0
2019-07-03 19:22:57.569 INFO  (qtp473666452-23) [   x:mysearch] o.a.s.c.S.Request [mysearch]  webapp=/solr path=/admin/ping params={json.nl=flat&omitHeader=true&wt=json} hits=50 status=0 QTime=0
2019-07-03 19:22:57.569 INFO  (qtp473666452-23) [   x:mysearch] o.a.s.c.S.Request [mysearch]  webapp=/solr path=/admin/ping params={json.nl=flat&omitHeader=true&wt=json} status=0 QTime=0
2019-07-03 19:23:04.607 INFO  (qtp473666452-24) [   ] o.a.s.s.HttpSolrCall [admin] webapp=null path=/admin/info/system params={json.nl=flat&wt=json} status=0 QTime=20
2019-07-03 19:23:04.614 INFO  (qtp473666452-18) [   x:mysearch] o.a.s.c.S.Request [mysearch]  webapp=/solr path=/admin/ping params={json.nl=flat&omitHeader=true&wt=json} hits=50 status=0 QTime=0
2019-07-03 19:23:04.614 INFO  (qtp473666452-18) [   x:mysearch] o.a.s.c.S.Request [mysearch]  webapp=/solr path=/admin/ping params={json.nl=flat&omitHeader=true&wt=json} status=0 QTime=0
2019-07-03 19:23:04.629 INFO  (qtp473666452-20) [   x:mysearch] o.a.s.c.S.Request [mysearch]  webapp=/solr path=/admin/system params={json.nl=flat&wt=json} status=0 QTime=13
2019-07-03 19:23:04.638 INFO  (qtp473666452-23) [   x:mysearch] o.a.s.c.S.Request [mysearch]  webapp=/solr path=/admin/luke params={json.nl=flat&wt=json} status=0 QTime=4
2019-07-03 19:23:04.653 INFO  (qtp473666452-24) [   x:mysearch] o.a.s.c.S.Request [mysearch]  webapp=/solr path=/admin/mbeans params={stats=true?omitHeader%3Dtrue&wt=phps} status=0 QTime=7
2019-07-03 19:23:04.675 INFO  (qtp473666452-18) [   x:mysearch] o.a.s.c.S.Request [mysearch]  webapp=/solr path=/admin/system params={json.nl=flat&wt=json} status=0 QTime=13
2019-07-03 19:23:04.728 INFO  (qtp473666452-20) [   x:mysearch] o.a.s.c.S.Request [mysearch]  webapp=/solr path=/select params={q=*:*&json.facet={"maxVersion":"max(_version_)","siteHahes":{"field":"hash","limit":-1,"type":"terms","facet":{"indexes":{"field":"index_id","limit":-1,"type":"terms","facet":{"dataSources":{"field":"ss_search_api_datasource","limit":-1,"type":"terms","facet":{"maxVersionPerDataSource":"max(_version_)"}}}}}}}&json.nl=flat&omitHeader=true&fl=id&start=0&fq=%2Bhash:*+%2Bindex_id:*&rows=1&wt=json} hits=50 status=0 QTime=38
2019-07-03 19:23:31.374 INFO  (qtp473666452-23) [   x:mysearch] o.a.s.c.S.Request [mysearch]  webapp=/solr path=/admin/file params={json.nl=flat&wt=json} status=0 QTime=0
2019-07-03 19:23:31.382 INFO  (qtp473666452-24) [   x:mysearch] o.a.s.c.S.Request [mysearch]  webapp=/solr path=/admin/file params={file=accents_en.txt&json.nl=flat&wt=json} status=0 QTime=2
2019-07-03 19:23:31.385 INFO  (qtp473666452-18) [   x:mysearch] o.a.s.c.S.Request [mysearch]  webapp=/solr path=/admin/file params={file=accents_und.txt&json.nl=flat&wt=json} status=0 QTime=0
2019-07-03 19:23:31.386 INFO  (qtp473666452-20) [   x:mysearch] o.a.s.c.S.Request [mysearch]  webapp=/solr path=/admin/file params={file=elevate.xml&json.nl=flat&wt=json} status=0 QTime=0
2019-07-03 19:23:31.388 INFO  (qtp473666452-23) [   x:mysearch] o.a.s.c.S.Request [mysearch]  webapp=/solr path=/admin/file params={file=protwords_en.txt&json.nl=flat&wt=json} status=0 QTime=0
2019-07-03 19:23:31.390 INFO  (qtp473666452-24) [   x:mysearch] o.a.s.c.S.Request [mysearch]  webapp=/solr path=/admin/file params={file=protwords_und.txt&json.nl=flat&wt=json} status=0 QTime=0
2019-07-03 19:23:31.392 INFO  (qtp473666452-18) [   x:mysearch] o.a.s.c.S.Request [mysearch]  webapp=/solr path=/admin/file params={file=schema.xml&json.nl=flat&wt=json} status=0 QTime=0
2019-07-03 19:23:31.394 INFO  (qtp473666452-20) [   x:mysearch] o.a.s.c.S.Request [mysearch]  webapp=/solr path=/admin/file params={file=schema_extra_fields.xml&json.nl=flat&wt=json} status=0 QTime=0
2019-07-03 19:23:31.396 INFO  (qtp473666452-23) [   x:mysearch] o.a.s.c.S.Request [mysearch]  webapp=/solr path=/admin/file params={file=schema_extra_types.xml&json.nl=flat&wt=json} status=0 QTime=0
2019-07-03 19:23:31.398 INFO  (qtp473666452-24) [   x:mysearch] o.a.s.c.S.Request [mysearch]  webapp=/solr path=/admin/file params={file=solrconfig.xml&json.nl=flat&wt=json} status=0 QTime=0
2019-07-03 19:23:31.401 INFO  (qtp473666452-18) [   x:mysearch] o.a.s.c.S.Request [mysearch]  webapp=/solr path=/admin/file params={file=solrconfig_extra.xml&json.nl=flat&wt=json} status=0 QTime=0
2019-07-03 19:23:31.403 INFO  (qtp473666452-20) [   x:mysearch] o.a.s.c.S.Request [mysearch]  webapp=/solr path=/admin/file params={file=solrcore.properties&json.nl=flat&wt=json} status=0 QTime=0
2019-07-03 19:23:31.404 INFO  (qtp473666452-23) [   x:mysearch] o.a.s.c.S.Request [mysearch]  webapp=/solr path=/admin/file params={file=stopwords_en.txt&json.nl=flat&wt=json} status=0 QTime=0
2019-07-03 19:23:31.406 INFO  (qtp473666452-24) [   x:mysearch] o.a.s.c.S.Request [mysearch]  webapp=/solr path=/admin/file params={file=stopwords_und.txt&json.nl=flat&wt=json} status=0 QTime=0
2019-07-03 19:23:31.408 INFO  (qtp473666452-18) [   x:mysearch] o.a.s.c.S.Request [mysearch]  webapp=/solr path=/admin/file params={file=synonyms_en.txt&json.nl=flat&wt=json} status=0 QTime=0
2019-07-03 19:23:31.410 INFO  (qtp473666452-20) [   x:mysearch] o.a.s.c.S.Request [mysearch]  webapp=/solr path=/admin/file params={file=synonyms_und.txt&json.nl=flat&wt=json} status=0 QTime=0
2019-07-03 19:24:13.285 INFO  (qtp473666452-23) [   ] o.a.s.s.HttpSolrCall [admin] webapp=null path=/admin/info/system params={json.nl=flat&wt=json} status=0 QTime=15
2019-07-03 19:24:13.294 INFO  (qtp473666452-24) [   x:mysearch] o.a.s.c.S.Request [mysearch]  webapp=/solr path=/admin/ping params={json.nl=flat&omitHeader=true&wt=json} hits=50 status=0 QTime=0
2019-07-03 19:24:13.294 INFO  (qtp473666452-24) [   x:mysearch] o.a.s.c.S.Request [mysearch]  webapp=/solr path=/admin/ping params={json.nl=flat&omitHeader=true&wt=json} status=0 QTime=0
2019-07-03 19:24:13.298 INFO  (qtp473666452-18) [   x:mysearch] o.a.s.c.S.Request [mysearch]  webapp=/solr path=/admin/luke params={json.nl=flat&wt=json} status=0 QTime=2
2019-07-03 19:24:13.308 INFO  (qtp473666452-20) [   x:mysearch] o.a.s.c.S.Request [mysearch]  webapp=/solr path=/admin/mbeans params={stats=true?omitHeader%3Dtrue&wt=phps} status=0 QTime=3
2019-07-03 19:24:13.327 INFO  (qtp473666452-23) [   x:mysearch] o.a.s.c.S.Request [mysearch]  webapp=/solr path=/admin/system params={json.nl=flat&wt=json} status=0 QTime=14
2019-07-03 19:24:13.340 INFO  (qtp473666452-24) [   x:mysearch] o.a.s.c.S.Request [mysearch]  webapp=/solr path=/select params={q=*:*&json.facet={"maxVersion":"max(_version_)","siteHahes":{"field":"hash","limit":-1,"type":"terms","facet":{"indexes":{"field":"index_id","limit":-1,"type":"terms","facet":{"dataSources":{"field":"ss_search_api_datasource","limit":-1,"type":"terms","facet":{"maxVersionPerDataSource":"max(_version_)"}}}}}}}&json.nl=flat&omitHeader=true&fl=id&start=0&fq=%2Bhash:*+%2Bindex_id:*&rows=1&wt=json} hits=50 status=0 QTime=2
2019-07-03 19:24:54.408 INFO  (qtp473666452-18) [   x:mysearch] o.a.s.c.S.Request [mysearch]  webapp=/solr path=/admin/ping params={json.nl=flat&omitHeader=true&wt=json} hits=50 status=0 QTime=0
2019-07-03 19:24:54.408 INFO  (qtp473666452-18) [   x:mysearch] o.a.s.c.S.Request [mysearch]  webapp=/solr path=/admin/ping params={json.nl=flat&omitHeader=true&wt=json} status=0 QTime=0
2019-07-03 19:24:54.431 INFO  (qtp473666452-20) [   x:mysearch] o.a.s.c.S.Request [mysearch]  webapp=/solr path=/admin/ping params={json.nl=flat&omitHeader=true&wt=json} hits=50 status=0 QTime=0
2019-07-03 19:24:54.431 INFO  (qtp473666452-20) [   x:mysearch] o.a.s.c.S.Request [mysearch]  webapp=/solr path=/admin/ping params={json.nl=flat&omitHeader=true&wt=json} status=0 QTime=0
2019-07-03 19:24:54.439 INFO  (qtp473666452-23) [   x:mysearch] o.a.s.c.S.Request [mysearch]  webapp=/solr path=/admin/ping params={json.nl=flat&omitHeader=true&wt=json} hits=50 status=0 QTime=0
2019-07-03 19:24:54.440 INFO  (qtp473666452-23) [   x:mysearch] o.a.s.c.S.Request [mysearch]  webapp=/solr path=/admin/ping params={json.nl=flat&omitHeader=true&wt=json} status=0 QTime=0
2019-07-03 19:24:54.442 INFO  (qtp473666452-24) [   x:mysearch] o.a.s.c.S.Request [mysearch]  webapp=/solr path=/admin/ping params={json.nl=flat&omitHeader=true&wt=json} hits=50 status=0 QTime=0
2019-07-03 19:24:54.442 INFO  (qtp473666452-24) [   x:mysearch] o.a.s.c.S.Request [mysearch]  webapp=/solr path=/admin/ping params={json.nl=flat&omitHeader=true&wt=json} status=0 QTime=0
2019-07-03 19:24:59.935 INFO  (qtp473666452-18) [   x:mysearch] o.a.s.c.S.Request [mysearch]  webapp=/solr path=/admin/ping params={json.nl=flat&omitHeader=true&wt=json} hits=50 status=0 QTime=0
2019-07-03 19:24:59.935 INFO  (qtp473666452-18) [   x:mysearch] o.a.s.c.S.Request [mysearch]  webapp=/solr path=/admin/ping params={json.nl=flat&omitHeader=true&wt=json} status=0 QTime=0
2019-07-03 19:26:37.657 INFO  (qtp473666452-25) [   x:mysearch] o.a.s.c.S.Request [mysearch]  webapp=/solr path=/admin/ping params={json.nl=flat&omitHeader=true&wt=json} hits=50 status=0 QTime=0
2019-07-03 19:26:37.657 INFO  (qtp473666452-25) [   x:mysearch] o.a.s.c.S.Request [mysearch]  webapp=/solr path=/admin/ping params={json.nl=flat&omitHeader=true&wt=json} status=0 QTime=0
2019-07-03 19:26:37.678 INFO  (qtp473666452-23) [   x:mysearch] o.a.s.c.S.Request [mysearch]  webapp=/solr path=/admin/ping params={json.nl=flat&omitHeader=true&wt=json} hits=50 status=0 QTime=0
2019-07-03 19:26:37.678 INFO  (qtp473666452-23) [   x:mysearch] o.a.s.c.S.Request [mysearch]  webapp=/solr path=/admin/ping params={json.nl=flat&omitHeader=true&wt=json} status=0 QTime=0
2019-07-03 19:26:37.686 INFO  (qtp473666452-24) [   x:mysearch] o.a.s.c.S.Request [mysearch]  webapp=/solr path=/admin/ping params={json.nl=flat&omitHeader=true&wt=json} hits=50 status=0 QTime=0
2019-07-03 19:26:37.686 INFO  (qtp473666452-24) [   x:mysearch] o.a.s.c.S.Request [mysearch]  webapp=/solr path=/admin/ping params={json.nl=flat&omitHeader=true&wt=json} status=0 QTime=0
2019-07-03 19:26:37.688 INFO  (qtp473666452-18) [   x:mysearch] o.a.s.c.S.Request [mysearch]  webapp=/solr path=/admin/ping params={json.nl=flat&omitHeader=true&wt=json} hits=50 status=0 QTime=0
2019-07-03 19:26:37.689 INFO  (qtp473666452-18) [   x:mysearch] o.a.s.c.S.Request [mysearch]  webapp=/solr path=/admin/ping params={json.nl=flat&omitHeader=true&wt=json} status=0 QTime=0
2019-07-03 19:26:49.543 INFO  (qtp473666452-27) [   x:mysearch] o.a.s.c.S.Request [mysearch]  webapp=/solr path=/select params={q={!boost+b%3Dboost_document}(tm_X3b_en_rendered_item:(%2B"Antehabeo")^1+tm_X3b_und_rendered_item:(%2B"Antehabeo")^1+tm_X3b_zxx_rendered_item:(%2B"Antehabeo")^1+tm_X3b_en_title:(%2B"Antehabeo")^8+tm_X3b_und_title:(%2B"Antehabeo")^8+tm_X3b_zxx_title:(%2B"Antehabeo")^8)&json.nl=flat&omitHeader=true&fl=ss_search_api_id,ss_search_api_language,score&start=0&fq=%2Bindex_id:default_solr_index+%2Bhash:492xup&fq=ss_search_api_language:("en"+"und"+"zxx")&rows=10&wt=json&rq={!rerank+reRankQuery%3D'+{!payload_score+f%3Dboost_term+v%3D"Antehabeo"+func%3Dmax}'}} hits=50 status=0 QTime=3
2019-07-03 19:27:16.110 INFO  (qtp473666452-23) [   x:mysearch] o.a.s.c.S.Request [mysearch]  webapp=/solr path=/admin/ping params={json.nl=flat&omitHeader=true&wt=json} hits=50 status=0 QTime=0
2019-07-03 19:27:16.110 INFO  (qtp473666452-23) [   x:mysearch] o.a.s.c.S.Request [mysearch]  webapp=/solr path=/admin/ping params={json.nl=flat&omitHeader=true&wt=json} status=0 QTime=0
2019-07-03 19:27:21.278 INFO  (qtp473666452-24) [   x:mysearch] o.a.s.c.S.Request [mysearch]  webapp=/solr path=/select params={q={!boost+b%3Dboost_document}*:*&json.nl=flat&omitHeader=true&fl=ss_search_api_id,ss_search_api_language,score&start=0&fq=%2Bindex_id:default_solr_index+%2Bhash:492xup&fq=ss_search_api_language:("en"+"und"+"zxx")&rows=0&wt=json} hits=50 status=0 QTime=1
2019-07-03 19:27:39.500 INFO  (qtp473666452-18) [   x:mysearch] o.a.s.s.SolrIndexSearcher Opening [Searcher@2cc85c93[mysearch] realtime]
2019-07-03 19:27:39.502 INFO  (qtp473666452-18) [   x:mysearch] o.a.s.u.p.LogUpdateProcessorFactory [mysearch]  webapp=/solr path=/update params={json.nl=flat&commitWithin=1000&omitHeader=false&wt=json}{deleteByQuery=+index_id:default_solr_index +hash:492xup (-1638066615211786240)} 0 12
2019-07-03 19:27:39.847 INFO  (qtp473666452-27) [   x:mysearch] o.a.s.c.S.Request [mysearch]  webapp=/solr path=/select params={q={!boost+b%3Dboost_document}*:*&json.nl=flat&omitHeader=true&fl=ss_search_api_id,ss_search_api_language,score&start=0&fq=%2Bindex_id:default_solr_index+%2Bhash:492xup&fq=ss_search_api_language:("en"+"und"+"zxx")&rows=0&wt=json} hits=50 status=0 QTime=0
2019-07-03 19:27:40.503 INFO  (commitScheduler-14-thread-1) [   ] o.a.s.u.DirectUpdateHandler2 start commit{,optimize=false,openSearcher=true,waitSearcher=true,expungeDeletes=false,softCommit=true,prepareCommit=false}
2019-07-03 19:27:40.503 INFO  (commitScheduler-14-thread-1) [   ] o.a.s.s.SolrIndexSearcher Opening [Searcher@36dd62c5[mysearch] main]
2019-07-03 19:27:40.503 INFO  (commitScheduler-14-thread-1) [   ] o.a.s.u.DirectUpdateHandler2 end_commit_flush
2019-07-03 19:27:40.504 INFO  (searcherExecutor-10-thread-1) [   ] o.a.s.c.QuerySenderListener QuerySenderListener sending requests to Searcher@36dd62c5[mysearch] main{ExitableDirectoryReader(UninvertingDirectoryReader())}
2019-07-03 19:27:40.504 INFO  (searcherExecutor-10-thread-1) [   ] o.a.s.c.QuerySenderListener QuerySenderListener done.
2019-07-03 19:27:40.504 INFO  (searcherExecutor-10-thread-1) [   ] o.a.s.h.c.SuggestComponent buildOnCommit: en
2019-07-03 19:27:40.504 INFO  (searcherExecutor-10-thread-1) [   ] o.a.s.s.s.SolrSuggester SolrSuggester.build(en)
2019-07-03 19:27:40.549 INFO  (searcherExecutor-10-thread-1) [   ] o.a.s.h.c.SuggestComponent buildOnCommit: und
2019-07-03 19:27:40.549 INFO  (searcherExecutor-10-thread-1) [   ] o.a.s.s.s.SolrSuggester SolrSuggester.build(und)
2019-07-03 19:27:40.601 INFO  (searcherExecutor-10-thread-1) [   ] o.a.s.c.SolrCore [mysearch] Registered new searcher Searcher@36dd62c5[mysearch] main{ExitableDirectoryReader(UninvertingDirectoryReader())}
2019-07-03 19:27:45.061 INFO  (qtp473666452-23) [   x:mysearch] o.a.s.u.p.LogUpdateProcessorFactory [mysearch]  webapp=/solr path=/update params={json.nl=flat&commitWithin=1000&omitHeader=false&wt=json}{add=[492xup-default_solr_index-entity:node/10:en (1638066620935962624), 492xup-default_solr_index-entity:node/11:en (1638066620941205504), 492xup-default_solr_index-entity:node/12:en (1638066620944351232), 492xup-default_solr_index-entity:node/13:en (1638066620946448384), 492xup-default_solr_index-entity:node/14:en (1638066620948545536), 492xup-default_solr_index-entity:node/15:en (1638066620952739840), 492xup-default_solr_index-entity:node/16:en (1638066620953788416), 492xup-default_solr_index-entity:node/17:en (1638066620955885568), 492xup-default_solr_index-entity:node/18:en (1638066620957982720), 492xup-default_solr_index-entity:node/19:en (1638066620961128448), ... (50 adds)]} 0 113
2019-07-03 19:27:45.661 INFO  (qtp473666452-24) [   x:mysearch] o.a.s.c.S.Request [mysearch]  webapp=/solr path=/select params={q={!boost+b%3Dboost_document}*:*&json.nl=flat&omitHeader=true&fl=ss_search_api_id,ss_search_api_language,score&start=0&fq=%2Bindex_id:default_solr_index+%2Bhash:492xup&fq=ss_search_api_language:("en"+"und"+"zxx")&rows=0&wt=json} hits=0 status=0 QTime=1
2019-07-03 19:27:45.955 INFO  (commitScheduler-14-thread-1) [   ] o.a.s.u.DirectUpdateHandler2 start commit{,optimize=false,openSearcher=true,waitSearcher=true,expungeDeletes=false,softCommit=true,prepareCommit=false}
2019-07-03 19:27:45.987 INFO  (commitScheduler-14-thread-1) [   ] o.a.s.s.SolrIndexSearcher Opening [Searcher@5df4161[mysearch] main]
2019-07-03 19:27:45.987 INFO  (commitScheduler-14-thread-1) [   ] o.a.s.u.DirectUpdateHandler2 end_commit_flush
2019-07-03 19:27:45.987 INFO  (searcherExecutor-10-thread-1) [   ] o.a.s.c.QuerySenderListener QuerySenderListener sending requests to Searcher@5df4161[mysearch] main{ExitableDirectoryReader(UninvertingDirectoryReader(Uninverting(_1(8.1.1):C50:[diagnostics={os=Mac OS X, java.vendor=Oracle Corporation, java.version=11.0.2, java.vm.version=11.0.2+9, lucene.version=8.1.1, os.arch=x86_64, java.runtime.version=11.0.2+9, source=flush, os.version=10.13.6, timestamp=1562182065984}]:[attributes={Lucene50StoredFieldsFormat.mode=BEST_SPEED}])))}
2019-07-03 19:27:45.987 INFO  (searcherExecutor-10-thread-1) [   ] o.a.s.c.QuerySenderListener QuerySenderListener done.
2019-07-03 19:27:45.987 INFO  (searcherExecutor-10-thread-1) [   ] o.a.s.h.c.SuggestComponent buildOnCommit: en
2019-07-03 19:27:45.987 INFO  (searcherExecutor-10-thread-1) [   ] o.a.s.s.s.SolrSuggester SolrSuggester.build(en)
2019-07-03 19:27:46.028 INFO  (searcherExecutor-10-thread-1) [   ] o.a.s.h.c.SuggestComponent buildOnCommit: und
2019-07-03 19:27:46.028 INFO  (searcherExecutor-10-thread-1) [   ] o.a.s.s.s.SolrSuggester SolrSuggester.build(und)
2019-07-03 19:27:46.074 INFO  (searcherExecutor-10-thread-1) [   ] o.a.s.c.SolrCore [mysearch] Registered new searcher Searcher@5df4161[mysearch] main{ExitableDirectoryReader(UninvertingDirectoryReader(Uninverting(_1(8.1.1):C50:[diagnostics={os=Mac OS X, java.vendor=Oracle Corporation, java.version=11.0.2, java.vm.version=11.0.2+9, lucene.version=8.1.1, os.arch=x86_64, java.runtime.version=11.0.2+9, source=flush, os.version=10.13.6, timestamp=1562182065984}]:[attributes={Lucene50StoredFieldsFormat.mode=BEST_SPEED}])))}
2019-07-03 19:27:54.506 INFO  (commitScheduler-13-thread-1) [   ] o.a.s.u.DirectUpdateHandler2 start commit{,optimize=false,openSearcher=false,waitSearcher=true,expungeDeletes=false,softCommit=false,prepareCommit=false}
2019-07-03 19:27:54.506 INFO  (commitScheduler-13-thread-1) [   ] o.a.s.u.SolrIndexWriter Calling setCommitData with IW:org.apache.solr.update.SolrIndexWriter@5a947639 commitCommandVersion:0
2019-07-03 19:27:54.569 INFO  (commitScheduler-13-thread-1) [   ] o.a.s.s.SolrIndexSearcher Opening [Searcher@1e3544ad[mysearch] realtime]
2019-07-03 19:27:54.569 INFO  (commitScheduler-13-thread-1) [   ] o.a.s.u.DirectUpdateHandler2 end_commit_flush
2019-07-03 19:27:56.063 INFO  (qtp473666452-18) [   x:mysearch] o.a.s.c.S.Request [mysearch]  webapp=/solr path=/admin/ping params={json.nl=flat&omitHeader=true&wt=json} hits=50 status=0 QTime=2
2019-07-03 19:27:56.063 INFO  (qtp473666452-18) [   x:mysearch] o.a.s.c.S.Request [mysearch]  webapp=/solr path=/admin/ping params={json.nl=flat&omitHeader=true&wt=json} status=0 QTime=2
2019-07-03 19:27:56.087 INFO  (qtp473666452-27) [   x:mysearch] o.a.s.c.S.Request [mysearch]  webapp=/solr path=/admin/ping params={json.nl=flat&omitHeader=true&wt=json} hits=50 status=0 QTime=0
2019-07-03 19:27:56.087 INFO  (qtp473666452-27) [   x:mysearch] o.a.s.c.S.Request [mysearch]  webapp=/solr path=/admin/ping params={json.nl=flat&omitHeader=true&wt=json} status=0 QTime=0
2019-07-03 19:27:56.097 INFO  (qtp473666452-23) [   x:mysearch] o.a.s.c.S.Request [mysearch]  webapp=/solr path=/admin/ping params={json.nl=flat&omitHeader=true&wt=json} hits=50 status=0 QTime=0
2019-07-03 19:27:56.097 INFO  (qtp473666452-23) [   x:mysearch] o.a.s.c.S.Request [mysearch]  webapp=/solr path=/admin/ping params={json.nl=flat&omitHeader=true&wt=json} status=0 QTime=0
2019-07-03 19:27:56.099 INFO  (qtp473666452-24) [   x:mysearch] o.a.s.c.S.Request [mysearch]  webapp=/solr path=/admin/ping params={json.nl=flat&omitHeader=true&wt=json} hits=50 status=0 QTime=0
2019-07-03 19:27:56.099 INFO  (qtp473666452-24) [   x:mysearch] o.a.s.c.S.Request [mysearch]  webapp=/solr path=/admin/ping params={json.nl=flat&omitHeader=true&wt=json} status=0 QTime=0
2019-07-03 19:28:11.604 INFO  (qtp473666452-18) [   x:mysearch] o.a.s.u.p.LogUpdateProcessorFactory [mysearch]  webapp=/solr path=/update params={json.nl=flat&commitWithin=1000&omitHeader=false&wt=json}{add=[492xup-default_solr_index-entity:node/51:en (1638066648788238336), 492xup-default_solr_index-entity:node/52:en (1638066648794529792), 492xup-default_solr_index-entity:node/53:en (1638066648796626944), 492xup-default_solr_index-entity:node/54:en (1638066648798724096), 492xup-default_solr_index-entity:node/55:en (1638066648800821248), 492xup-default_solr_index-entity:node/56:en (1638066648802918400), 492xup-default_solr_index-entity:node/57:en (1638066648805015552), 492xup-default_solr_index-entity:node/58:en (1638066648807112704), 492xup-default_solr_index-entity:node/59:en (1638066648809209856), 492xup-default_solr_index-entity:node/60:en (1638066648810258432), ... (50 adds)]} 0 94
2019-07-03 19:28:12.519 INFO  (commitScheduler-14-thread-1) [   ] o.a.s.u.DirectUpdateHandler2 start commit{,optimize=false,openSearcher=true,waitSearcher=true,expungeDeletes=false,softCommit=true,prepareCommit=false}
2019-07-03 19:28:12.539 INFO  (commitScheduler-14-thread-1) [   ] o.a.s.s.SolrIndexSearcher Opening [Searcher@73a404cc[mysearch] main]
2019-07-03 19:28:12.540 INFO  (commitScheduler-14-thread-1) [   ] o.a.s.u.DirectUpdateHandler2 end_commit_flush
2019-07-03 19:28:12.540 INFO  (searcherExecutor-10-thread-1) [   ] o.a.s.c.QuerySenderListener QuerySenderListener sending requests to Searcher@73a404cc[mysearch] main{ExitableDirectoryReader(UninvertingDirectoryReader(Uninverting(_1(8.1.1):C50:[diagnostics={os=Mac OS X, java.vendor=Oracle Corporation, java.version=11.0.2, java.vm.version=11.0.2+9, lucene.version=8.1.1, os.arch=x86_64, java.runtime.version=11.0.2+9, source=flush, os.version=10.13.6, timestamp=1562182065984}]:[attributes={Lucene50StoredFieldsFormat.mode=BEST_SPEED}]) Uninverting(_2(8.1.1):C50:[diagnostics={os=Mac OS X, java.vendor=Oracle Corporation, java.version=11.0.2, java.vm.version=11.0.2+9, lucene.version=8.1.1, os.arch=x86_64, java.runtime.version=11.0.2+9, source=flush, os.version=10.13.6, timestamp=1562182092536}]:[attributes={Lucene50StoredFieldsFormat.mode=BEST_SPEED}])))}
2019-07-03 19:28:12.540 INFO  (searcherExecutor-10-thread-1) [   ] o.a.s.c.QuerySenderListener QuerySenderListener done.
2019-07-03 19:28:12.540 INFO  (searcherExecutor-10-thread-1) [   ] o.a.s.h.c.SuggestComponent buildOnCommit: en
2019-07-03 19:28:12.540 INFO  (searcherExecutor-10-thread-1) [   ] o.a.s.s.s.SolrSuggester SolrSuggester.build(en)
2019-07-03 19:28:12.598 INFO  (searcherExecutor-10-thread-1) [   ] o.a.s.h.c.SuggestComponent buildOnCommit: und
2019-07-03 19:28:12.598 INFO  (searcherExecutor-10-thread-1) [   ] o.a.s.s.s.SolrSuggester SolrSuggester.build(und)
2019-07-03 19:28:12.645 INFO  (searcherExecutor-10-thread-1) [   ] o.a.s.c.SolrCore [mysearch] Registered new searcher Searcher@73a404cc[mysearch] main{ExitableDirectoryReader(UninvertingDirectoryReader(Uninverting(_1(8.1.1):C50:[diagnostics={os=Mac OS X, java.vendor=Oracle Corporation, java.version=11.0.2, java.vm.version=11.0.2+9, lucene.version=8.1.1, os.arch=x86_64, java.runtime.version=11.0.2+9, source=flush, os.version=10.13.6, timestamp=1562182065984}]:[attributes={Lucene50StoredFieldsFormat.mode=BEST_SPEED}]) Uninverting(_2(8.1.1):C50:[diagnostics={os=Mac OS X, java.vendor=Oracle Corporation, java.version=11.0.2, java.vm.version=11.0.2+9, lucene.version=8.1.1, os.arch=x86_64, java.runtime.version=11.0.2+9, source=flush, os.version=10.13.6, timestamp=1562182092536}]:[attributes={Lucene50StoredFieldsFormat.mode=BEST_SPEED}])))}
2019-07-03 19:28:20.403 INFO  (qtp473666452-27) [   x:mysearch] o.a.s.c.S.Request [mysearch]  webapp=/solr path=/select params={q={!boost+b%3Dboost_document}*:*&json.nl=flat&omitHeader=true&fl=ss_search_api_id,ss_search_api_language,score&start=0&fq=%2Bindex_id:default_solr_index+%2Bhash:492xup&fq=ss_search_api_language:("en"+"und"+"zxx")&rows=0&wt=json} hits=100 status=0 QTime=2
2019-07-03 19:28:26.519 INFO  (commitScheduler-13-thread-1) [   ] o.a.s.u.DirectUpdateHandler2 start commit{,optimize=false,openSearcher=false,waitSearcher=true,expungeDeletes=false,softCommit=false,prepareCommit=false}
2019-07-03 19:28:26.519 INFO  (commitScheduler-13-thread-1) [   ] o.a.s.u.SolrIndexWriter Calling setCommitData with IW:org.apache.solr.update.SolrIndexWriter@5a947639 commitCommandVersion:0
2019-07-03 19:28:26.579 INFO  (commitScheduler-13-thread-1) [   ] o.a.s.s.SolrIndexSearcher Opening [Searcher@5fe528ab[mysearch] realtime]
2019-07-03 19:28:26.581 INFO  (commitScheduler-13-thread-1) [   ] o.a.s.u.DirectUpdateHandler2 end_commit_flush
2019-07-03 19:28:43.836 INFO  (qtp473666452-23) [   x:mysearch] o.a.s.c.S.Request [mysearch]  webapp=/solr path=/admin/ping params={json.nl=flat&omitHeader=true&wt=json} hits=100 status=0 QTime=0
2019-07-03 19:28:43.836 INFO  (qtp473666452-23) [   x:mysearch] o.a.s.c.S.Request [mysearch]  webapp=/solr path=/admin/ping params={json.nl=flat&omitHeader=true&wt=json} status=0 QTime=1
2019-07-03 19:28:43.860 INFO  (qtp473666452-24) [   x:mysearch] o.a.s.c.S.Request [mysearch]  webapp=/solr path=/admin/ping params={json.nl=flat&omitHeader=true&wt=json} hits=100 status=0 QTime=0
2019-07-03 19:28:43.860 INFO  (qtp473666452-24) [   x:mysearch] o.a.s.c.S.Request [mysearch]  webapp=/solr path=/admin/ping params={json.nl=flat&omitHeader=true&wt=json} status=0 QTime=0
2019-07-03 19:28:43.868 INFO  (qtp473666452-18) [   x:mysearch] o.a.s.c.S.Request [mysearch]  webapp=/solr path=/admin/ping params={json.nl=flat&omitHeader=true&wt=json} hits=100 status=0 QTime=0
2019-07-03 19:28:43.868 INFO  (qtp473666452-18) [   x:mysearch] o.a.s.c.S.Request [mysearch]  webapp=/solr path=/admin/ping params={json.nl=flat&omitHeader=true&wt=json} status=0 QTime=0
2019-07-03 19:28:43.870 INFO  (qtp473666452-27) [   x:mysearch] o.a.s.c.S.Request [mysearch]  webapp=/solr path=/admin/ping params={json.nl=flat&omitHeader=true&wt=json} hits=100 status=0 QTime=0
2019-07-03 19:28:43.870 INFO  (qtp473666452-27) [   x:mysearch] o.a.s.c.S.Request [mysearch]  webapp=/solr path=/admin/ping params={json.nl=flat&omitHeader=true&wt=json} status=0 QTime=0
2019-07-03 19:28:48.207 INFO  (qtp473666452-23) [   x:mysearch] o.a.s.c.S.Request [mysearch]  webapp=/solr path=/select params={q=*:*&json.facet={"siteHahes":{"field":"hash","limit":-1,"type":"terms","facet":{"numDocsPerIndex":{"field":"index_id","limit":-1,"type":"terms"}}}}&json.nl=flat&omitHeader=true&fl=id&start=0&fq=%2Bhash:*+%2Bindex_id:*&rows=1&wt=json} hits=100 status=0 QTime=7
2019-07-03 19:28:53.752 INFO  (qtp473666452-24) [   x:mysearch] o.a.s.c.S.Request [mysearch]  webapp=/solr path=/select params={q={!boost+b%3Dboost_document}*:*&json.nl=flat&omitHeader=true&fl=ss_search_api_id,ss_search_api_language,score&start=0&fq=%2Bindex_id:default_solr_index+%2Bhash:492xup&fq=ss_search_api_language:("en"+"und"+"zxx")&rows=0&wt=json} hits=100 status=0 QTime=0
2019-07-03 19:28:59.036 INFO  (qtp473666452-18) [   ] o.a.s.s.HttpSolrCall [admin] webapp=null path=/admin/info/system params={json.nl=flat&wt=json} status=0 QTime=14
2019-07-03 19:28:59.043 INFO  (qtp473666452-27) [   x:mysearch] o.a.s.c.S.Request [mysearch]  webapp=/solr path=/admin/ping params={json.nl=flat&omitHeader=true&wt=json} hits=100 status=0 QTime=0
2019-07-03 19:28:59.043 INFO  (qtp473666452-27) [   x:mysearch] o.a.s.c.S.Request [mysearch]  webapp=/solr path=/admin/ping params={json.nl=flat&omitHeader=true&wt=json} status=0 QTime=0
2019-07-03 19:28:59.058 INFO  (qtp473666452-23) [   x:mysearch] o.a.s.c.S.Request [mysearch]  webapp=/solr path=/admin/system params={json.nl=flat&wt=json} status=0 QTime=13
2019-07-03 19:28:59.068 INFO  (qtp473666452-24) [   x:mysearch] o.a.s.c.S.Request [mysearch]  webapp=/solr path=/admin/luke params={json.nl=flat&wt=json} status=0 QTime=5
2019-07-03 19:28:59.079 INFO  (qtp473666452-18) [   x:mysearch] o.a.s.c.S.Request [mysearch]  webapp=/solr path=/admin/mbeans params={stats=true?omitHeader%3Dtrue&wt=phps} status=0 QTime=4
2019-07-03 19:28:59.096 INFO  (qtp473666452-27) [   x:mysearch] o.a.s.c.S.Request [mysearch]  webapp=/solr path=/admin/system params={json.nl=flat&wt=json} status=0 QTime=12
2019-07-03 19:28:59.109 INFO  (qtp473666452-23) [   x:mysearch] o.a.s.c.S.Request [mysearch]  webapp=/solr path=/select params={q=*:*&json.facet={"maxVersion":"max(_version_)","siteHahes":{"field":"hash","limit":-1,"type":"terms","facet":{"indexes":{"field":"index_id","limit":-1,"type":"terms","facet":{"dataSources":{"field":"ss_search_api_datasource","limit":-1,"type":"terms","facet":{"maxVersionPerDataSource":"max(_version_)"}}}}}}}&json.nl=flat&omitHeader=true&fl=id&start=0&fq=%2Bhash:*+%2Bindex_id:*&rows=1&wt=json} hits=100 status=0 QTime=1
2019-07-03 19:29:08.031 INFO  (qtp473666452-24) [   x:mysearch] o.a.s.c.S.Request [mysearch]  webapp=/solr path=/admin/ping params={json.nl=flat&omitHeader=true&wt=json} hits=100 status=0 QTime=0
2019-07-03 19:29:08.031 INFO  (qtp473666452-24) [   x:mysearch] o.a.s.c.S.Request [mysearch]  webapp=/solr path=/admin/ping params={json.nl=flat&omitHeader=true&wt=json} status=0 QTime=0
2019-07-03 19:29:08.055 INFO  (qtp473666452-25) [   x:mysearch] o.a.s.c.S.Request [mysearch]  webapp=/solr path=/admin/ping params={json.nl=flat&omitHeader=true&wt=json} hits=100 status=0 QTime=0
2019-07-03 19:29:08.055 INFO  (qtp473666452-25) [   x:mysearch] o.a.s.c.S.Request [mysearch]  webapp=/solr path=/admin/ping params={json.nl=flat&omitHeader=true&wt=json} status=0 QTime=0
2019-07-03 19:29:08.065 INFO  (qtp473666452-27) [   x:mysearch] o.a.s.c.S.Request [mysearch]  webapp=/solr path=/admin/ping params={json.nl=flat&omitHeader=true&wt=json} hits=100 status=0 QTime=0
2019-07-03 19:29:08.065 INFO  (qtp473666452-27) [   x:mysearch] o.a.s.c.S.Request [mysearch]  webapp=/solr path=/admin/ping params={json.nl=flat&omitHeader=true&wt=json} status=0 QTime=0
2019-07-03 19:29:08.067 INFO  (qtp473666452-23) [   x:mysearch] o.a.s.c.S.Request [mysearch]  webapp=/solr path=/admin/ping params={json.nl=flat&omitHeader=true&wt=json} hits=100 status=0 QTime=0
2019-07-03 19:29:08.067 INFO  (qtp473666452-23) [   x:mysearch] o.a.s.c.S.Request [mysearch]  webapp=/solr path=/admin/ping params={json.nl=flat&omitHeader=true&wt=json} status=0 QTime=0
2019-07-03 19:29:59.241 INFO  (qtp473666452-24) [   x:mysearch] o.a.s.c.S.Request [mysearch]  webapp=/solr path=/select params={facet.field={!key%3Dss_type+ex%3Dfacet:type}ss_type&json.nl=flat&fl=ss_search_api_id,ss_search_api_language,score&f.ss_type.facet.missing=false&start=0&facet.missing=false&fq=%2Bindex_id:default_solr_index+%2Bhash:492xup&fq=ss_search_api_language:("en"+"und"+"zxx")&rows=10&f.ss_type.facet.limit=-1&q={!boost+b%3Dboost_document}(tm_X3b_en_rendered_item:(%2B"Antehabeo")^1+tm_X3b_und_rendered_item:(%2B"Antehabeo")^1+tm_X3b_zxx_rendered_item:(%2B"Antehabeo")^1+tm_X3b_en_title:(%2B"Antehabeo")^8+tm_X3b_und_title:(%2B"Antehabeo")^8+tm_X3b_zxx_title:(%2B"Antehabeo")^8)&facet.limit=10&omitHeader=true&facet.mincount=1&wt=json&facet=true&facet.sort=count&rq={!rerank+reRankQuery%3D'+{!payload_score+f%3Dboost_term+v%3D"Antehabeo"+func%3Dmax}'}} hits=99 status=0 QTime=19
2019-07-03 19:30:27.351 INFO  (qtp473666452-25) [   x:mysearch] o.a.s.c.S.Request [mysearch]  webapp=/solr path=/select params={facet.field={!key%3Dss_type+ex%3Dfacet:type}ss_type&json.nl=flat&fl=ss_search_api_id,ss_search_api_language,score&f.ss_type.facet.missing=false&start=0&facet.missing=false&fq=%2Bindex_id:default_solr_index+%2Bhash:492xup&fq=ss_search_api_language:("en"+"und"+"zxx")&rows=10&f.ss_type.facet.limit=-1&q={!boost+b%3Dboost_document}(tm_X3b_en_rendered_item:(%2B"Antehabeo")^1+tm_X3b_und_rendered_item:(%2B"Antehabeo")^1+tm_X3b_zxx_rendered_item:(%2B"Antehabeo")^1+tm_X3b_en_title:(%2B"Antehabeo")^8+tm_X3b_und_title:(%2B"Antehabeo")^8+tm_X3b_zxx_title:(%2B"Antehabeo")^8)&facet.limit=10&omitHeader=true&facet.mincount=1&wt=json&facet=true&facet.sort=count&rq={!rerank+reRankQuery%3D'+{!payload_score+f%3Dboost_term+v%3D"Antehabeo"+func%3Dmax}'}} hits=99 status=0 QTime=3
2019-07-03 19:30:35.451 INFO  (qtp473666452-27) [   x:mysearch] o.a.s.c.S.Request [mysearch]  webapp=/solr path=/select params={facet.field={!key%3Dss_type+ex%3Dfacet:type}ss_type&json.nl=flat&fl=ss_search_api_id,ss_search_api_language,score&f.ss_type.facet.missing=false&start=0&facet.missing=false&fq={!tag%3Dfacet:type}ss_type:"article"&fq=%2Bindex_id:default_solr_index+%2Bhash:492xup&fq=ss_search_api_language:("en"+"und"+"zxx")&rows=10&f.ss_type.facet.limit=-1&q={!boost+b%3Dboost_document}(tm_X3b_en_rendered_item:(%2B"Antehabeo")^1+tm_X3b_und_rendered_item:(%2B"Antehabeo")^1+tm_X3b_zxx_rendered_item:(%2B"Antehabeo")^1+tm_X3b_en_title:(%2B"Antehabeo")^8+tm_X3b_und_title:(%2B"Antehabeo")^8+tm_X3b_zxx_title:(%2B"Antehabeo")^8)&facet.limit=10&omitHeader=true&facet.mincount=1&wt=json&facet=true&facet.sort=count&rq={!rerank+reRankQuery%3D'+{!payload_score+f%3Dboost_term+v%3D"Antehabeo"+func%3Dmax}'}} hits=22 status=0 QTime=5
